Build started 1/14/2021 11:11:16 AM.
     1>Project "C:\Users\FINPK\Documents\Visual Studio 2010\Projects\homework\homework\homework.vcxproj" on node 2 (build target(s)).
     1>InitializeBuildStatus:
         Touching "Debug\homework.unsuccessfulbuild".
       ClCompile:
         c:\Program Files (x86)\Microsoft Visual Studio 10.0\VC\bin\CL.exe /c /ZI /nologo /W3 /WX- /Od /Oy- /D WIN32 /D _DEBUG /D _CONSOLE /D _UNICODE /D UNICODE /Gm /EHsc /RTC1 /MDd /GS /fp:precise /Zc:wchar_t /Zc:forScope /Fo"Debug\\" /Fd"Debug\vc100.pdb" /Gd /TP /analyze- /errorReport:prompt 1.cpp
         1.cpp
       ManifestResourceCompile:
         c:\Program Files (x86)\Microsoft SDKs\Windows\v7.0A\bin\rc.exe /nologo /fo"Debug\homework.exe.embed.manifest.res" Debug\homework_manifest.rc 
       Link:
         c:\Program Files (x86)\Microsoft Visual Studio 10.0\VC\bin\link.exe /ERRORREPORT:PROMPT /OUT:"C:\Users\FINPK\Documents\Visual Studio 2010\Projects\homework\Debug\homework.exe" /INCREMENTAL /NOLOGO kernel32.lib user32.lib gdi32.lib winspool.lib comdlg32.lib advapi32.lib shell32.lib ole32.lib oleaut32.lib uuid.lib odbc32.lib odbccp32.lib /MANIFEST /ManifestFile:"Debug\homework.exe.intermediate.manifest" /MANIFESTUAC:"level='asInvoker' uiAccess='false'" /DEBUG /PDB:"C:\Users\FINPK\Documents\Visual Studio 2010\Projects\homework\Debug\homework.pdb" /SUBSYSTEM:CONSOLE /TLBID:1 /DYNAMICBASE /NXCOMPAT /IMPLIB:"C:\Users\FINPK\Documents\Visual Studio 2010\Projects\homework\Debug\homework.lib" /MACHINE:X86 Debug\homework.exe.embed.manifest.res
         Debug\1.obj
       Manifest:
         c:\Program Files (x86)\Microsoft SDKs\Windows\v7.0A\bin\mt.exe /nologo /verbose /out:"Debug\homework.exe.embed.manifest" /manifest Debug\homework.exe.intermediate.manifest
         c:\Program Files (x86)\Microsoft SDKs\Windows\v7.0A\bin\rc.exe /nologo /fo"Debug\homework.exe.embed.manifest.res" Debug\homework_manifest.rc 
       LinkEmbedManifest:
         c:\Program Files (x86)\Microsoft Visual Studio 10.0\VC\bin\link.exe /ERRORREPORT:PROMPT /OUT:"C:\Users\FINPK\Documents\Visual Studio 2010\Projects\homework\Debug\homework.exe" /INCREMENTAL /NOLOGO kernel32.lib user32.lib gdi32.lib winspool.lib comdlg32.lib advapi32.lib shell32.lib ole32.lib oleaut32.lib uuid.lib odbc32.lib odbccp32.lib /MANIFEST /ManifestFile:"Debug\homework.exe.intermediate.manifest" /MANIFESTUAC:"level='asInvoker' uiAccess='false'" /DEBUG /PDB:"C:\Users\FINPK\Documents\Visual Studio 2010\Projects\homework\Debug\homework.pdb" /SUBSYSTEM:CONSOLE /TLBID:1 /DYNAMICBASE /NXCOMPAT /IMPLIB:"C:\Users\FINPK\Documents\Visual Studio 2010\Projects\homework\Debug\homework.lib" /MACHINE:X86 Debug\homework.exe.embed.manifest.res
         Debug\1.obj
         homework.vcxproj -> C:\Users\FINPK\Documents\Visual Studio 2010\Projects\homework\Debug\homework.exe
       FinalizeBuildStatus:
         Deleting file "Debug\homework.unsuccessfulbuild".
         Touching "Debug\homework.lastbuildstate".
     1>Done Building Project "C:\Users\FINPK\Documents\Visual Studio 2010\Projects\homework\homework\homework.vcxproj" (build target(s)).

Build succeeded.

Time Elapsed 00:00:01.11
